Using pre-set license
Built from '2020.3/staging' branch; Version is '2020.3.18f1 (a7d1c678663c) revision 10998214'; Using compiler version '192528614'; Build Type 'Release'
OS: 'Windows 10 Pro; OS build 19041.1288; Version 2004; 64bit' Language: 'ru' Physical Memory: 8111 MB
BatchMode: 1, IsHumanControllingUs: 0, StartBugReporterOnCrash: 0, Is64bit: 1, IsPro: 0

COMMAND LINE ARGUMENTS:
G:\2020.3.18f1\Editor\Unity.exe
-adb2
-batchMode
-noUpm
-name
AssetImportWorker3
-projectPath
C:/Users/Jhonn/Desktop/Platform
-logFile
Logs/AssetImportWorker3.log
-srvPort
57450
Successfully changed project path to: C:/Users/Jhonn/Desktop/Platform
C:/Users/Jhonn/Desktop/Platform
Using Asset Import Pipeline V2.
Refreshing native plugins compatible for Editor in 205.33 ms, found 2 plugins.
Preloading 0 native plugins for Editor in 0.00 ms.
Initialize engine version: 2020.3.18f1 (a7d1c678663c)
[Subsystems] Discovering subsystems at path G:/2020.3.18f1/Editor/Data/Resources/UnitySubsystems
[Subsystems] Discovering subsystems at path C:/Users/Jhonn/Desktop/Platform/Assets
GfxDevice: creating device client; threaded=0
Direct3D:
    Version:  Direct3D 11.0 [level 11.0]
    Renderer: NVIDIA GeForce GTX 650 (ID=0xfc6)
    Vendor:   
    VRAM:     984 MB
    Driver:   27.21.14.6647
Initialize mono
Mono path[0] = 'G:/2020.3.18f1/Editor/Data/Managed'
Mono path[1] = 'G:/2020.3.18f1/Editor/Data/MonoBleedingEdge/lib/mono/unityjit'
Mono config path = 'G:/2020.3.18f1/Editor/Data/MonoBleedingEdge/etc'
Using monoOptions --debugger-agent=transport=dt_socket,embedding=1,server=y,suspend=n,address=127.0.0.1:56852
Begin MonoManager ReloadAssembly
Registering precompiled unity dll's ...
Register platform support module: G:/2020.3.18f1/Editor/Data/PlaybackEngines/WebGLSupport/UnityEditor.WebGL.Extensions.dll
Register platform support module: G:/2020.3.18f1/Editor/Data/PlaybackEngines/MacStandaloneSupport/UnityEditor.OSXStandalone.Extensions.dll
Register platform support module: G:/2020.3.18f1/Editor/Data/PlaybackEngines/WindowsStandaloneSupport/UnityEditor.WindowsStandalone.Extensions.dll
Registered in 0.003035 seconds.
Native extension for WindowsStandalone target not found
Native extension for OSXStandalone target not found
Native extension for WebGL target not found
Refreshing native plugins compatible for Editor in 176.59 ms, found 2 plugins.
Preloading 0 native plugins for Editor in 0.00 ms.
Mono: successfully reloaded assembly
- Completed reload, in  2.523 seconds
Domain Reload Profiling:
	ReloadAssembly (2523ms)
		BeginReloadAssembly (96ms)
			ExecutionOrderSort (0ms)
			DisableScriptedObjects (0ms)
			BackupInstance (0ms)
			ReleaseScriptingObjects (0ms)
			CreateAndSetChildDomain (2ms)
		EndReloadAssembly (732ms)
			LoadAssemblies (92ms)
			RebuildTransferFunctionScriptingTraits (0ms)
			SetupTypeCache (220ms)
			ReleaseScriptCaches (0ms)
			RebuildScriptCaches (41ms)
			SetupLoadedEditorAssemblies (355ms)
				LogAssemblyErrors (0ms)
				InitializePlatformSupportModulesInManaged (7ms)
				SetLoadedEditorAssemblies (0ms)
				RefreshPlugins (177ms)
				BeforeProcessingInitializeOnLoad (23ms)
				ProcessInitializeOnLoadAttributes (111ms)
				ProcessInitializeOnLoadMethodAttributes (36ms)
				AfterProcessingInitializeOnLoad (0ms)
				EditorAssembliesLoaded (0ms)
			ExecutionOrderSort2 (0ms)
			AwakeInstancesAfterBackupRestoration (0ms)
Platform modules already initialized, skipping
Registering precompiled user dll's ...
Registered in 0.022331 seconds.
Begin MonoManager ReloadAssembly
Native extension for WindowsStandalone target not found
Native extension for OSXStandalone target not found
Native extension for WebGL target not found
Refreshing native plugins compatible for Editor in 183.09 ms, found 2 plugins.
Preloading 0 native plugins for Editor in 0.00 ms.
Mono: successfully reloaded assembly
- Completed reload, in  2.521 seconds
Domain Reload Profiling:
	ReloadAssembly (2523ms)
		BeginReloadAssembly (206ms)
			ExecutionOrderSort (0ms)
			DisableScriptedObjects (7ms)
			BackupInstance (0ms)
			ReleaseScriptingObjects (0ms)
			CreateAndSetChildDomain (25ms)
		EndReloadAssembly (2230ms)
			LoadAssemblies (506ms)
			RebuildTransferFunctionScriptingTraits (0ms)
			SetupTypeCache (497ms)
			ReleaseScriptCaches (1ms)
			RebuildScriptCaches (140ms)
			SetupLoadedEditorAssemblies (787ms)
				LogAssemblyErrors (0ms)
				InitializePlatformSupportModulesInManaged (7ms)
				SetLoadedEditorAssemblies (0ms)
				RefreshPlugins (183ms)
				BeforeProcessingInitializeOnLoad (214ms)
				ProcessInitializeOnLoadAttributes (307ms)
				ProcessInitializeOnLoadMethodAttributes (72ms)
				AfterProcessingInitializeOnLoad (5ms)
				EditorAssembliesLoaded (0ms)
			ExecutionOrderSort2 (0ms)
			AwakeInstancesAfterBackupRestoration (8ms)
Platform modules already initialized, skipping
========================================================================
Worker process is ready to serve import requests
Launched and connected shader compiler UnityShaderCompiler.exe after 0.46 seconds
Refreshing native plugins compatible for Editor in 1.75 ms, found 2 plugins.
Preloading 0 native plugins for Editor in 0.00 ms.
Unloading 3596 Unused Serialized files (Serialized files now loaded: 0)
System memory in use before: 151.0 MB.
System memory in use after: 151.2 MB.

Unloading 83 unused Assets to reduce memory usage. Loaded Objects now: 3983.
Total: 8.630900 ms (FindLiveObjects: 0.428700 ms CreateObjectMapping: 0.202500 ms MarkObjects: 7.869100 ms  DeleteObjects: 0.128200 ms)

AssetImportParameters requested are different than current active one (requested -> active):
  custom:framework-win-MediaFoundation: 216162199b28c13a410421893ffa2e32 -> 
  custom:video-decoder-ogg-theora: a1e56fd34408186e4bbccfd4996cb3dc -> 
  custom:container-muxer-webm: aa71ff27fc2769a1b78a27578f13a17b -> 
  custom:container-demuxer-webm: 4f35f7cbe854078d1ac9338744f61a02 -> 
  custom:container-demuxer-ogg: 62fdf1f143b41e24485cea50d1cbac27 -> 
  custom:video-encoder-webm-vp8: eb34c28f22e8b96e1ab97ce403110664 -> 
  custom:video-decoder-webm-vp8: 9c59270c3fd7afecdb556c50c9e8de78 -> 
  custom:audio-decoder-ogg-vorbis: bf7c407c2cedff20999df2af8eb42d56 -> 
  custom:audio-encoder-webm-vorbis: bf7c407c2cedff20999df2af8eb42d56 -> 
========================================================================
Received Import Request.
  path: Assets/Scenes/Levels/Level4.unity
  artifactKey: Guid(306d8401ae946344f9601de7e26e4b43) Importer(815301076,1909f56bfc062723c751e8b465ee728b)
Start importing Assets/Scenes/Levels/Level4.unity using Guid(306d8401ae946344f9601de7e26e4b43) Importer(815301076,1909f56bfc062723c751e8b465ee728b)  -> (artifact id: '56fd711ff7b0cd96f2db459954f24edb') in 0.027862 seconds 
  Import took 0.034476 seconds .

========================================================================
Received Import Request.
  Time since last request: 0.000327 seconds.
  path: Assets/Scenes/Levels/Level2.unity
  artifactKey: Guid(6a5d58761d892be4c9737415ea4aa441) Importer(815301076,1909f56bfc062723c751e8b465ee728b)
Start importing Assets/Scenes/Levels/Level2.unity using Guid(6a5d58761d892be4c9737415ea4aa441) Importer(815301076,1909f56bfc062723c751e8b465ee728b)  -> (artifact id: 'e6de9bc861a235a045f464b42117eece') in 0.010832 seconds 
  Import took 0.016901 seconds .

========================================================================
Received Import Request.
  Time since last request: 0.000291 seconds.
  path: Assets/Scenes/Levels/Level5.unity
  artifactKey: Guid(9325b283d3c25ba40b23e6bf4177c62b) Importer(815301076,1909f56bfc062723c751e8b465ee728b)
Start importing Assets/Scenes/Levels/Level5.unity using Guid(9325b283d3c25ba40b23e6bf4177c62b) Importer(815301076,1909f56bfc062723c751e8b465ee728b)  -> (artifact id: '05c76eb480e327ead714f0ccbc10925a') in 0.017597 seconds 
  Import took 0.023607 seconds .

========================================================================
Received Import Request.
  Time since last request: 2.944536 seconds.
  path: Assets/Scenes/Levels/Level5.unity
  artifactKey: Guid(9325b283d3c25ba40b23e6bf4177c62b) Importer(815301076,1909f56bfc062723c751e8b465ee728b)
Start importing Assets/Scenes/Levels/Level5.unity using Guid(9325b283d3c25ba40b23e6bf4177c62b) Importer(815301076,1909f56bfc062723c751e8b465ee728b)  -> (artifact id: '05c76eb480e327ead714f0ccbc10925a') in 0.005771 seconds 
  Import took 0.012772 seconds .

========================================================================
Received Import Request.
  Time since last request: 0.062777 seconds.
  path: Assets/Scenes/Levels/Level6.unity
  artifactKey: Guid(bab3d2d4e3f362f4ea20b97cddb62d1c) Importer(815301076,1909f56bfc062723c751e8b465ee728b)
Start importing Assets/Scenes/Levels/Level6.unity using Guid(bab3d2d4e3f362f4ea20b97cddb62d1c) Importer(815301076,1909f56bfc062723c751e8b465ee728b)  -> (artifact id: '3e42cc4b3c6cee41fad99893d82d9df1') in 0.010948 seconds 
  Import took 0.017783 seconds .

========================================================================
Received Import Request.
  Time since last request: 2.748554 seconds.
  path: Assets/Scenes/Levels/Level7.unity
  artifactKey: Guid(8f8f54e2f15d1c044afc8f8872c80129) Importer(815301076,1909f56bfc062723c751e8b465ee728b)
Start importing Assets/Scenes/Levels/Level7.unity using Guid(8f8f54e2f15d1c044afc8f8872c80129) Importer(815301076,1909f56bfc062723c751e8b465ee728b)  -> (artifact id: 'b6371cc1a21b0944841d9c4b8a836304') in 0.009520 seconds 
  Import took 0.016837 seconds .

========================================================================
Received Import Request.
  Time since last request: 0.781733 seconds.
  path: Assets/Scenes/Levels/Level8.unity
  artifactKey: Guid(e6acc21ace7f39841afb4701617686d4) Importer(815301076,1909f56bfc062723c751e8b465ee728b)
Start importing Assets/Scenes/Levels/Level8.unity using Guid(e6acc21ace7f39841afb4701617686d4) Importer(815301076,1909f56bfc062723c751e8b465ee728b)  -> (artifact id: 'dce43f0c79e10b284f7cb024acc5103b') in 0.010315 seconds 
  Import took 0.018920 seconds .

========================================================================
Received Import Request.
  Time since last request: 2.219105 seconds.
  path: Assets/Scenes/Levels/Level9.unity
  artifactKey: Guid(750d1716a5990954b8e24a2854a885f6) Importer(815301076,1909f56bfc062723c751e8b465ee728b)
Start importing Assets/Scenes/Levels/Level9.unity using Guid(750d1716a5990954b8e24a2854a885f6) Importer(815301076,1909f56bfc062723c751e8b465ee728b)  -> (artifact id: '9dc30cde29217fb9cb5cbd2b09520fea') in 0.018165 seconds 
  Import took 0.025159 seconds .

========================================================================
Received Import Request.
  Time since last request: 0.955730 seconds.
  path: Assets/Scenes/Levels/Level0.unity
  artifactKey: Guid(56ea3ba881211734e949164b398256dd) Importer(815301076,1909f56bfc062723c751e8b465ee728b)
Start importing Assets/Scenes/Levels/Level0.unity using Guid(56ea3ba881211734e949164b398256dd) Importer(815301076,1909f56bfc062723c751e8b465ee728b)  -> (artifact id: '820725065e6b33496a5406c8b1a83a0d') in 0.013606 seconds 
  Import took 0.020485 seconds .

========================================================================
Received Prepare
Registering precompiled user dll's ...
Registered in 0.019575 seconds.
Begin MonoManager ReloadAssembly
Native extension for WindowsStandalone target not found
Native extension for OSXStandalone target not found
Native extension for WebGL target not found
Refreshing native plugins compatible for Editor in 1.67 ms, found 2 plugins.
Preloading 0 native plugins for Editor in 0.00 ms.
Mono: successfully reloaded assembly
- Completed reload, in  1.905 seconds
Domain Reload Profiling:
	ReloadAssembly (1906ms)
		BeginReloadAssembly (189ms)
			ExecutionOrderSort (0ms)
			DisableScriptedObjects (9ms)
			BackupInstance (0ms)
			ReleaseScriptingObjects (0ms)
			CreateAndSetChildDomain (57ms)
		EndReloadAssembly (1624ms)
			LoadAssemblies (196ms)
			RebuildTransferFunctionScriptingTraits (0ms)
			SetupTypeCache (532ms)
			ReleaseScriptCaches (2ms)
			RebuildScriptCaches (87ms)
			SetupLoadedEditorAssemblies (655ms)
				LogAssemblyErrors (0ms)
				InitializePlatformSupportModulesInManaged (9ms)
				SetLoadedEditorAssemblies (1ms)
				RefreshPlugins (2ms)
				BeforeProcessingInitializeOnLoad (189ms)
				ProcessInitializeOnLoadAttributes (390ms)
				ProcessInitializeOnLoadMethodAttributes (61ms)
				AfterProcessingInitializeOnLoad (5ms)
				EditorAssembliesLoaded (0ms)
			ExecutionOrderSort2 (0ms)
			AwakeInstancesAfterBackupRestoration (9ms)
Platform modules already initialized, skipping
Switching build target platform(19) subTarget(0) extendedPlatform(0) -> platform(9) subTarget(16777218) extendedPlatform(0)
Refreshing native plugins compatible for Editor in 1.65 ms, found 2 plugins.
Preloading 0 native plugins for Editor in 0.00 ms.
Unloading 3512 Unused Serialized files (Serialized files now loaded: 0)
System memory in use before: 140.7 MB.
System memory in use after: 141.0 MB.

Unloading 74 unused Assets to reduce memory usage. Loaded Objects now: 3985.
Total: 10.889000 ms (FindLiveObjects: 0.534700 ms CreateObjectMapping: 0.337600 ms MarkObjects: 9.964400 ms  DeleteObjects: 0.050200 ms)

AssetImportParameters requested are different than current active one (requested -> active):
  custom:framework-win-MediaFoundation: 216162199b28c13a410421893ffa2e32 -> 
  custom:video-decoder-ogg-theora: a1e56fd34408186e4bbccfd4996cb3dc -> 
  custom:container-muxer-webm: aa71ff27fc2769a1b78a27578f13a17b -> 
  custom:container-demuxer-webm: 4f35f7cbe854078d1ac9338744f61a02 -> 
  custom:container-demuxer-ogg: 62fdf1f143b41e24485cea50d1cbac27 -> 
  custom:video-encoder-webm-vp8: eb34c28f22e8b96e1ab97ce403110664 -> 
  custom:video-decoder-webm-vp8: 9c59270c3fd7afecdb556c50c9e8de78 -> 
  custom:graphics/normal-map-encoding: 01000000000000000000000000000000 -> 02000000000000000000000000000000
  custom:audio-decoder-ogg-vorbis: bf7c407c2cedff20999df2af8eb42d56 -> 
  custom:audio-encoder-webm-vorbis: bf7c407c2cedff20999df2af8eb42d56 -> 
========================================================================
Received Import Request.
  Time since last request: 32.733905 seconds.
  path: Assets/scripts/DialogueTrigger.cs
  artifactKey: Guid(fbda7fbc6e0e1424b99e71ec01affef0) Importer(815301076,1909f56bfc062723c751e8b465ee728b)
Start importing Assets/scripts/DialogueTrigger.cs using Guid(fbda7fbc6e0e1424b99e71ec01affef0) Importer(815301076,1909f56bfc062723c751e8b465ee728b)  -> (artifact id: '8efc2b1c9278375b5c07cccb8c0c3748') in 0.158731 seconds 
  Import took 0.167377 seconds .

========================================================================
Received Import Request.
  Time since last request: 2.001635 seconds.
  path: Assets/scripts/HeroController.cs
  artifactKey: Guid(3785d6750ef33924d94d4149c96d5070) Importer(815301076,1909f56bfc062723c751e8b465ee728b)
Start importing Assets/scripts/HeroController.cs using Guid(3785d6750ef33924d94d4149c96d5070) Importer(815301076,1909f56bfc062723c751e8b465ee728b)  -> (artifact id: '2a3d894a9b0d04c30c62158122dc96e7') in 0.008808 seconds 
  Import took 0.015668 seconds .

========================================================================
Received Import Request.
  Time since last request: 0.036297 seconds.
  path: Assets/scripts/HeroController.cs
  artifactKey: Guid(3785d6750ef33924d94d4149c96d5070) Importer(815301076,1909f56bfc062723c751e8b465ee728b)
Start importing Assets/scripts/HeroController.cs using Guid(3785d6750ef33924d94d4149c96d5070) Importer(815301076,1909f56bfc062723c751e8b465ee728b)  -> (artifact id: '2a3d894a9b0d04c30c62158122dc96e7') in 0.004284 seconds 
  Import took 0.013013 seconds .

========================================================================
Received Import Request.
  Time since last request: 23.701255 seconds.
  path: Assets/scripts/IsVisible.cs
  artifactKey: Guid(0fcfb1c59e4aff645b8408077a4bda65) Importer(815301076,1909f56bfc062723c751e8b465ee728b)
Start importing Assets/scripts/IsVisible.cs using Guid(0fcfb1c59e4aff645b8408077a4bda65) Importer(815301076,1909f56bfc062723c751e8b465ee728b)  -> (artifact id: 'bd775faa49f7c4a0817d52d8584bb53d') in 0.009213 seconds 
  Import took 0.018387 seconds .

========================================================================
Received Import Request.
  Time since last request: 321.574247 seconds.
  path: Assets/scripts/HP.cs
  artifactKey: Guid(c9bb1df8dd30f4a4d9777fe1668986f0) Importer(815301076,1909f56bfc062723c751e8b465ee728b)
Start importing Assets/scripts/HP.cs using Guid(c9bb1df8dd30f4a4d9777fe1668986f0) Importer(815301076,1909f56bfc062723c751e8b465ee728b)  -> (artifact id: 'cdefab8ec239ef1223ed424f9ed4884a') in 0.025334 seconds 
  Import took 0.035771 seconds .

========================================================================
Received Import Request.
  Time since last request: 62.968257 seconds.
  path: Assets/scripts/LevelInitializer.cs
  artifactKey: Guid(f118e9f053eb2cd41936594b04c2781e) Importer(815301076,1909f56bfc062723c751e8b465ee728b)
Start importing Assets/scripts/LevelInitializer.cs using Guid(f118e9f053eb2cd41936594b04c2781e) Importer(815301076,1909f56bfc062723c751e8b465ee728b)  -> (artifact id: 'a7e4cd8e2346b9c3977e7c97a828685c') in 0.033944 seconds 
  Import took 0.041877 seconds .

========================================================================
Received Import Request.
  Time since last request: 0.225648 seconds.
  path: Assets/scripts/LevelInitializer.cs
  artifactKey: Guid(f118e9f053eb2cd41936594b04c2781e) Importer(815301076,1909f56bfc062723c751e8b465ee728b)
Start importing Assets/scripts/LevelInitializer.cs using Guid(f118e9f053eb2cd41936594b04c2781e) Importer(815301076,1909f56bfc062723c751e8b465ee728b)  -> (artifact id: 'a7e4cd8e2346b9c3977e7c97a828685c') in 0.135987 seconds 
  Import took 0.163370 seconds .

========================================================================
Received Import Request.
  Time since last request: 52.989274 seconds.
  path: Assets/scripts/Magic.cs
  artifactKey: Guid(b57d6609e66be8d4e9c27f654fb181e5) Importer(815301076,1909f56bfc062723c751e8b465ee728b)
Start importing Assets/scripts/Magic.cs using Guid(b57d6609e66be8d4e9c27f654fb181e5) Importer(815301076,1909f56bfc062723c751e8b465ee728b)  -> (artifact id: '33ca6c91dffa1b07c977c1162d186c4a') in 0.022513 seconds 
  Import took 0.030461 seconds .

========================================================================
Received Import Request.
  Time since last request: 47.262825 seconds.
  path: Assets/scripts/HeroController.cs
  artifactKey: Guid(3785d6750ef33924d94d4149c96d5070) Importer(815301076,1909f56bfc062723c751e8b465ee728b)
Start importing Assets/scripts/HeroController.cs using Guid(3785d6750ef33924d94d4149c96d5070) Importer(815301076,1909f56bfc062723c751e8b465ee728b)  -> (artifact id: '667a18429a60887ce81e4d4bf61e2fd3') in 0.006156 seconds 
  Import took 0.016149 seconds .

========================================================================
Received Prepare
Registering precompiled user dll's ...
Registered in 0.019613 seconds.
Begin MonoManager ReloadAssembly
Native extension for WindowsStandalone target not found
Native extension for OSXStandalone target not found
Native extension for WebGL target not found
Refreshing native plugins compatible for Editor in 1.67 ms, found 2 plugins.
Preloading 0 native plugins for Editor in 0.00 ms.
Mono: successfully reloaded assembly
- Completed reload, in  2.296 seconds
Domain Reload Profiling:
	ReloadAssembly (2300ms)
		BeginReloadAssembly (313ms)
			ExecutionOrderSort (0ms)
			DisableScriptedObjects (22ms)
			BackupInstance (0ms)
			ReleaseScriptingObjects (0ms)
			CreateAndSetChildDomain (135ms)
		EndReloadAssembly (1896ms)
			LoadAssemblies (403ms)
			RebuildTransferFunctionScriptingTraits (0ms)
			SetupTypeCache (506ms)
			ReleaseScriptCaches (2ms)
			RebuildScriptCaches (86ms)
			SetupLoadedEditorAssemblies (692ms)
				LogAssemblyErrors (0ms)
				InitializePlatformSupportModulesInManaged (9ms)
				SetLoadedEditorAssemblies (1ms)
				RefreshPlugins (2ms)
				BeforeProcessingInitializeOnLoad (192ms)
				ProcessInitializeOnLoadAttributes (405ms)
				ProcessInitializeOnLoadMethodAttributes (79ms)
				AfterProcessingInitializeOnLoad (5ms)
				EditorAssembliesLoaded (0ms)
			ExecutionOrderSort2 (0ms)
			AwakeInstancesAfterBackupRestoration (9ms)
Platform modules already initialized, skipping
Switching build target platform(19) subTarget(0) extendedPlatform(0) -> platform(9) subTarget(16777218) extendedPlatform(0)
Refreshing native plugins compatible for Editor in 1.67 ms, found 2 plugins.
Preloading 0 native plugins for Editor in 0.00 ms.
Unloading 3512 Unused Serialized files (Serialized files now loaded: 0)
System memory in use before: 140.8 MB.
System memory in use after: 141.0 MB.

Unloading 74 unused Assets to reduce memory usage. Loaded Objects now: 3987.
Total: 23.463500 ms (FindLiveObjects: 0.831900 ms CreateObjectMapping: 0.575000 ms MarkObjects: 21.978200 ms  DeleteObjects: 0.074800 ms)

AssetImportParameters requested are different than current active one (requested -> active):
  custom:framework-win-MediaFoundation: 216162199b28c13a410421893ffa2e32 -> 
  custom:video-decoder-ogg-theora: a1e56fd34408186e4bbccfd4996cb3dc -> 
  custom:container-muxer-webm: aa71ff27fc2769a1b78a27578f13a17b -> 
  custom:container-demuxer-webm: 4f35f7cbe854078d1ac9338744f61a02 -> 
  custom:container-demuxer-ogg: 62fdf1f143b41e24485cea50d1cbac27 -> 
  custom:video-encoder-webm-vp8: eb34c28f22e8b96e1ab97ce403110664 -> 
  custom:video-decoder-webm-vp8: 9c59270c3fd7afecdb556c50c9e8de78 -> 
  custom:graphics/normal-map-encoding: 01000000000000000000000000000000 -> 02000000000000000000000000000000
  custom:audio-decoder-ogg-vorbis: bf7c407c2cedff20999df2af8eb42d56 -> 
  custom:audio-encoder-webm-vorbis: bf7c407c2cedff20999df2af8eb42d56 -> 
========================================================================
Received Prepare
Registering precompiled user dll's ...
Registered in 0.022083 seconds.
Begin MonoManager ReloadAssembly
Native extension for WindowsStandalone target not found
Native extension for OSXStandalone target not found
Native extension for WebGL target not found
Refreshing native plugins compatible for Editor in 1.92 ms, found 2 plugins.
Preloading 0 native plugins for Editor in 0.00 ms.
Mono: successfully reloaded assembly
- Completed reload, in  1.889 seconds
Domain Reload Profiling:
	ReloadAssembly (1890ms)
		BeginReloadAssembly (185ms)
			ExecutionOrderSort (0ms)
			DisableScriptedObjects (9ms)
			BackupInstance (0ms)
			ReleaseScriptingObjects (0ms)
			CreateAndSetChildDomain (58ms)
		EndReloadAssembly (1610ms)
			LoadAssemblies (175ms)
			RebuildTransferFunctionScriptingTraits (0ms)
			SetupTypeCache (507ms)
			ReleaseScriptCaches (2ms)
			RebuildScriptCaches (96ms)
			SetupLoadedEditorAssemblies (653ms)
				LogAssemblyErrors (0ms)
				InitializePlatformSupportModulesInManaged (10ms)
				SetLoadedEditorAssemblies (1ms)
				RefreshPlugins (2ms)
				BeforeProcessingInitializeOnLoad (199ms)
				ProcessInitializeOnLoadAttributes (370ms)
				ProcessInitializeOnLoadMethodAttributes (66ms)
				AfterProcessingInitializeOnLoad (5ms)
				EditorAssembliesLoaded (0ms)
			ExecutionOrderSort2 (0ms)
			AwakeInstancesAfterBackupRestoration (9ms)
Platform modules already initialized, skipping
Switching build target platform(19) subTarget(0) extendedPlatform(0) -> platform(9) subTarget(16777218) extendedPlatform(0)
Refreshing native plugins compatible for Editor in 1.69 ms, found 2 plugins.
Preloading 0 native plugins for Editor in 0.00 ms.
Unloading 3512 Unused Serialized files (Serialized files now loaded: 0)
System memory in use before: 140.8 MB.
System memory in use after: 141.1 MB.

Unloading 74 unused Assets to reduce memory usage. Loaded Objects now: 3989.
Total: 9.340900 ms (FindLiveObjects: 0.463300 ms CreateObjectMapping: 0.208700 ms MarkObjects: 8.616500 ms  DeleteObjects: 0.050000 ms)

AssetImportParameters requested are different than current active one (requested -> active):
  custom:framework-win-MediaFoundation: 216162199b28c13a410421893ffa2e32 -> 
  custom:video-decoder-ogg-theora: a1e56fd34408186e4bbccfd4996cb3dc -> 
  custom:container-muxer-webm: aa71ff27fc2769a1b78a27578f13a17b -> 
  custom:container-demuxer-webm: 4f35f7cbe854078d1ac9338744f61a02 -> 
  custom:container-demuxer-ogg: 62fdf1f143b41e24485cea50d1cbac27 -> 
  custom:video-encoder-webm-vp8: eb34c28f22e8b96e1ab97ce403110664 -> 
  custom:video-decoder-webm-vp8: 9c59270c3fd7afecdb556c50c9e8de78 -> 
  custom:graphics/normal-map-encoding: 01000000000000000000000000000000 -> 02000000000000000000000000000000
  custom:audio-decoder-ogg-vorbis: bf7c407c2cedff20999df2af8eb42d56 -> 
  custom:audio-encoder-webm-vorbis: bf7c407c2cedff20999df2af8eb42d56 -> 
========================================================================
Received Import Request.
  Time since last request: 81.762209 seconds.
  path: Assets/scripts/ButtonsLevel.cs
  artifactKey: Guid(09bf3b8953b9dcb4687e89efd69d54b5) Importer(815301076,1909f56bfc062723c751e8b465ee728b)
Start importing Assets/scripts/ButtonsLevel.cs using Guid(09bf3b8953b9dcb4687e89efd69d54b5) Importer(815301076,1909f56bfc062723c751e8b465ee728b)  -> (artifact id: 'fe6afd8e9151d412a225344cc74276a6') in 0.025948 seconds 
  Import took 0.035246 seconds .

========================================================================
Received Import Request.
  Time since last request: 0.032600 seconds.
  path: Assets/scripts/ButtonsLevel.cs
  artifactKey: Guid(09bf3b8953b9dcb4687e89efd69d54b5) Importer(815301076,1909f56bfc062723c751e8b465ee728b)
Start importing Assets/scripts/ButtonsLevel.cs using Guid(09bf3b8953b9dcb4687e89efd69d54b5) Importer(815301076,1909f56bfc062723c751e8b465ee728b)  -> (artifact id: 'fe6afd8e9151d412a225344cc74276a6') in 0.004325 seconds 
  Import took 0.011573 seconds .

========================================================================
Received Import Request.
  Time since last request: 44.817257 seconds.
  path: Assets/scripts/ButtonsLevel.cs
  artifactKey: Guid(09bf3b8953b9dcb4687e89efd69d54b5) Importer(815301076,1909f56bfc062723c751e8b465ee728b)
Start importing Assets/scripts/ButtonsLevel.cs using Guid(09bf3b8953b9dcb4687e89efd69d54b5) Importer(815301076,1909f56bfc062723c751e8b465ee728b)  -> (artifact id: 'aae0dac28d2c978cd7db1f5a9e239515') in 0.004668 seconds 
  Import took 0.011890 seconds .

========================================================================
Received Prepare
Registering precompiled user dll's ...
Registered in 0.027161 seconds.
Begin MonoManager ReloadAssembly
Native extension for WindowsStandalone target not found
Native extension for OSXStandalone target not found
Native extension for WebGL target not found
Refreshing native plugins compatible for Editor in 1.73 ms, found 2 plugins.
Preloading 0 native plugins for Editor in 0.00 ms.
Mono: successfully reloaded assembly
- Completed reload, in  2.008 seconds
Domain Reload Profiling:
	ReloadAssembly (2009ms)
		BeginReloadAssembly (196ms)
			ExecutionOrderSort (0ms)
			DisableScriptedObjects (10ms)
			BackupInstance (0ms)
			ReleaseScriptingObjects (0ms)
			CreateAndSetChildDomain (64ms)
		EndReloadAssembly (1718ms)
			LoadAssemblies (186ms)
			RebuildTransferFunctionScriptingTraits (0ms)
			SetupTypeCache (538ms)
			ReleaseScriptCaches (2ms)
			RebuildScriptCaches (91ms)
			SetupLoadedEditorAssemblies (683ms)
				LogAssemblyErrors (0ms)
				InitializePlatformSupportModulesInManaged (14ms)
				SetLoadedEditorAssemblies (1ms)
				RefreshPlugins (2ms)
				BeforeProcessingInitializeOnLoad (204ms)
				ProcessInitializeOnLoadAttributes (389ms)
				ProcessInitializeOnLoadMethodAttributes (68ms)
				AfterProcessingInitializeOnLoad (5ms)
				EditorAssembliesLoaded (0ms)
			ExecutionOrderSort2 (0ms)
			AwakeInstancesAfterBackupRestoration (13ms)
Platform modules already initialized, skipping
Switching build target platform(19) subTarget(0) extendedPlatform(0) -> platform(9) subTarget(16777218) extendedPlatform(0)
Refreshing native plugins compatible for Editor in 1.64 ms, found 2 plugins.
Preloading 0 native plugins for Editor in 0.00 ms.
Unloading 3512 Unused Serialized files (Serialized files now loaded: 0)
System memory in use before: 140.8 MB.
System memory in use after: 141.1 MB.

Unloading 74 unused Assets to reduce memory usage. Loaded Objects now: 3991.
Total: 9.157400 ms (FindLiveObjects: 0.395600 ms CreateObjectMapping: 0.206800 ms MarkObjects: 8.451500 ms  DeleteObjects: 0.100900 ms)

AssetImportParameters requested are different than current active one (requested -> active):
  custom:framework-win-MediaFoundation: 216162199b28c13a410421893ffa2e32 -> 
  custom:video-decoder-ogg-theora: a1e56fd34408186e4bbccfd4996cb3dc -> 
  custom:container-muxer-webm: aa71ff27fc2769a1b78a27578f13a17b -> 
  custom:container-demuxer-webm: 4f35f7cbe854078d1ac9338744f61a02 -> 
  custom:container-demuxer-ogg: 62fdf1f143b41e24485cea50d1cbac27 -> 
  custom:video-encoder-webm-vp8: eb34c28f22e8b96e1ab97ce403110664 -> 
  custom:video-decoder-webm-vp8: 9c59270c3fd7afecdb556c50c9e8de78 -> 
  custom:graphics/normal-map-encoding: 01000000000000000000000000000000 -> 02000000000000000000000000000000
  custom:audio-decoder-ogg-vorbis: bf7c407c2cedff20999df2af8eb42d56 -> 
  custom:audio-encoder-webm-vorbis: bf7c407c2cedff20999df2af8eb42d56 -> 
========================================================================
Received Import Request.
  Time since last request: 25.172822 seconds.
  path: Assets/Resources/sprites/background_obj.png
  artifactKey: Guid(67771138076e9764fb0b73372d6bdcaf) Importer(815301076,1909f56bfc062723c751e8b465ee728b)
Start importing Assets/Resources/sprites/background_obj.png using Guid(67771138076e9764fb0b73372d6bdcaf) Importer(815301076,1909f56bfc062723c751e8b465ee728b)  -> (artifact id: 'dbe05137671121a88faa91a1febca34f') in 0.898162 seconds 
  Import took 0.905563 seconds .

========================================================================
Received Import Request.
  Time since last request: 0.000347 seconds.
  path: Assets/Resources/sprites/Buttons
  artifactKey: Guid(dd1b3ec75264bc740a727b00c78cc51b) Importer(815301076,1909f56bfc062723c751e8b465ee728b)
Start importing Assets/Resources/sprites/Buttons using Guid(dd1b3ec75264bc740a727b00c78cc51b) Importer(815301076,1909f56bfc062723c751e8b465ee728b)  -> (artifact id: '70785b885680868e9839add0d584da37') in 0.020469 seconds 
  Import took 0.027276 seconds .

========================================================================
Received Import Request.
  Time since last request: 0.000315 seconds.
  path: Assets/Resources/sprites/background.png
  artifactKey: Guid(df73b4bce81f34a13ad5c1760f1a7a40) Importer(815301076,1909f56bfc062723c751e8b465ee728b)
Start importing Assets/Resources/sprites/background.png using Guid(df73b4bce81f34a13ad5c1760f1a7a40) Importer(815301076,1909f56bfc062723c751e8b465ee728b)  -> (artifact id: '718765fef07f05430315bc95f5ef0589') in 0.037142 seconds 
  Import took 0.044303 seconds .

========================================================================
Received Import Request.
  Time since last request: 0.491750 seconds.
  path: Assets/Resources/sprites/Levels2.png
  artifactKey: Guid(bf1a4efc7df00824b86f70133812425f) Importer(815301076,1909f56bfc062723c751e8b465ee728b)
Start importing Assets/Resources/sprites/Levels2.png using Guid(bf1a4efc7df00824b86f70133812425f) Importer(815301076,1909f56bfc062723c751e8b465ee728b)  -> (artifact id: '1c90c5490ccd8c68b5bcd83ca00a2c8b') in 0.545916 seconds 
  Import took 0.553477 seconds .

========================================================================
Received Import Request.
  Time since last request: 0.022351 seconds.
  path: Assets/Resources/sprites/Levels2Add.png
  artifactKey: Guid(e739571b6ae092843bb9fe82bb795cf4) Importer(815301076,1909f56bfc062723c751e8b465ee728b)
Start importing Assets/Resources/sprites/Levels2Add.png using Guid(e739571b6ae092843bb9fe82bb795cf4) Importer(815301076,1909f56bfc062723c751e8b465ee728b)  -> (artifact id: 'a5500c283ab3392f4a50b6a6dba4150e') in 0.362277 seconds 
  Import took 0.370260 seconds .

========================================================================
Received Import Request.
  Time since last request: 7.591148 seconds.
  path: Assets/Resources/sprites/Levels2Add.png
  artifactKey: Guid(e739571b6ae092843bb9fe82bb795cf4) Importer(815301076,1909f56bfc062723c751e8b465ee728b)
Start importing Assets/Resources/sprites/Levels2Add.png using Guid(e739571b6ae092843bb9fe82bb795cf4) Importer(815301076,1909f56bfc062723c751e8b465ee728b)  -> (artifact id: '3a6194d5affb130e5b2b199aa390d0eb') in 0.416655 seconds 
  Import took 0.424700 seconds .

========================================================================
Received Import Request.
  Time since last request: 6.347652 seconds.
  path: Assets/Resources/sprites/mainlevbuild.png
  artifactKey: Guid(2d4273a3a1968ae4b84563e99e8c23c8) Importer(815301076,1909f56bfc062723c751e8b465ee728b)
Start importing Assets/Resources/sprites/mainlevbuild.png using Guid(2d4273a3a1968ae4b84563e99e8c23c8) Importer(815301076,1909f56bfc062723c751e8b465ee728b)  -> (artifact id: '977191e1b57f0ee02c30007c75cb9e18') in 0.213652 seconds 
  Import took 0.220990 seconds .

========================================================================
Received Import Request.
  Time since last request: 1.574838 seconds.
  path: Assets/Resources/sprites
  artifactKey: Guid(8c81b9b8f8b389246917183091c30cbc) Importer(815301076,1909f56bfc062723c751e8b465ee728b)
Start importing Assets/Resources/sprites using Guid(8c81b9b8f8b389246917183091c30cbc) Importer(815301076,1909f56bfc062723c751e8b465ee728b)  -> (artifact id: '0291afbb692d624afc4ab6fd3270fc97') in 0.026297 seconds 
  Import took 0.033377 seconds .

========================================================================
Received Prepare
Registering precompiled user dll's ...
Registered in 0.019351 seconds.
Begin MonoManager ReloadAssembly
Native extension for WindowsStandalone target not found
Native extension for OSXStandalone target not found
Native extension for WebGL target not found
Refreshing native plugins compatible for Editor in 1.77 ms, found 2 plugins.
Preloading 0 native plugins for Editor in 0.00 ms.
Mono: successfully reloaded assembly
- Completed reload, in  1.890 seconds
Domain Reload Profiling:
	ReloadAssembly (1890ms)
		BeginReloadAssembly (175ms)
			ExecutionOrderSort (0ms)
			DisableScriptedObjects (10ms)
			BackupInstance (0ms)
			ReleaseScriptingObjects (0ms)
			CreateAndSetChildDomain (55ms)
		EndReloadAssembly (1623ms)
			LoadAssemblies (178ms)
			RebuildTransferFunctionScriptingTraits (0ms)
			SetupTypeCache (496ms)
			ReleaseScriptCaches (3ms)
			RebuildScriptCaches (91ms)
			SetupLoadedEditorAssemblies (671ms)
				LogAssemblyErrors (0ms)
				InitializePlatformSupportModulesInManaged (9ms)
				SetLoadedEditorAssemblies (1ms)
				RefreshPlugins (2ms)
				BeforeProcessingInitializeOnLoad (201ms)
				ProcessInitializeOnLoadAttributes (390ms)
				ProcessInitializeOnLoadMethodAttributes (63ms)
				AfterProcessingInitializeOnLoad (5ms)
				EditorAssembliesLoaded (0ms)
			ExecutionOrderSort2 (0ms)
			AwakeInstancesAfterBackupRestoration (9ms)
Platform modules already initialized, skipping
Switching build target platform(19) subTarget(0) extendedPlatform(0) -> platform(9) subTarget(16777218) extendedPlatform(0)
Refreshing native plugins compatible for Editor in 1.73 ms, found 2 plugins.
Preloading 0 native plugins for Editor in 0.00 ms.
Unloading 3512 Unused Serialized files (Serialized files now loaded: 0)
System memory in use before: 144.1 MB.
System memory in use after: 144.4 MB.

Unloading 74 unused Assets to reduce memory usage. Loaded Objects now: 4180.
Total: 8.771100 ms (FindLiveObjects: 0.466900 ms CreateObjectMapping: 0.215700 ms MarkObjects: 8.032300 ms  DeleteObjects: 0.054000 ms)

AssetImportParameters requested are different than current active one (requested -> active):
  custom:framework-win-MediaFoundation: 216162199b28c13a410421893ffa2e32 -> 
  custom:video-decoder-ogg-theora: a1e56fd34408186e4bbccfd4996cb3dc -> 
  custom:container-muxer-webm: aa71ff27fc2769a1b78a27578f13a17b -> 
  custom:container-demuxer-webm: 4f35f7cbe854078d1ac9338744f61a02 -> 
  custom:container-demuxer-ogg: 62fdf1f143b41e24485cea50d1cbac27 -> 
  custom:video-encoder-webm-vp8: eb34c28f22e8b96e1ab97ce403110664 -> 
  custom:video-decoder-webm-vp8: 9c59270c3fd7afecdb556c50c9e8de78 -> 
  custom:graphics/normal-map-encoding: 01000000000000000000000000000000 -> 02000000000000000000000000000000
  custom:audio-decoder-ogg-vorbis: bf7c407c2cedff20999df2af8eb42d56 -> 
  custom:audio-encoder-webm-vorbis: bf7c407c2cedff20999df2af8eb42d56 -> 
========================================================================
Received Import Request.
  Time since last request: 21.461810 seconds.
  path: Assets/Scenes/Menu.unity
  artifactKey: Guid(fc2b4f8960c83c14a842dce94380df69) Importer(815301076,1909f56bfc062723c751e8b465ee728b)
Start importing Assets/Scenes/Menu.unity using Guid(fc2b4f8960c83c14a842dce94380df69) Importer(815301076,1909f56bfc062723c751e8b465ee728b)  -> (artifact id: '41c5f8fbe996c8852124068fd82dda07') in 0.027771 seconds 
  Import took 0.034989 seconds .

AssetImportWorkerClient::OnTransportError - code=2 error=End of file
